<?xml version="1.0" encoding="UTF-8"?>
<testsuite xmlns:xsi="http://www.w3.org/2001/XMLSchema-instance" xsi:noNamespaceSchemaLocation="https://maven.apache.org/surefire/maven-surefire-plugin/xsd/surefire-test-report-3.0.xsd" version="3.0" name="com.rollerite.plugin.services.ConfigServiceTest" time="1.46" tests="12" errors="0" skipped="0" failures="0">
  <properties>
[...]
</properties>
  <testcase name="testGetMessage_OddReplacements" classname="com.rollerite.plugin.services.ConfigServiceTest" time="1.381">
    <system-err><![CDATA[WARNING: A Java agent has been loaded dynamically (C:\Users\Djorr\.m2\repository\net\bytebuddy\byte-buddy-agent\1.14.4\byte-buddy-agent-1.14.4.jar)
WARNING: If a serviceability tool is in use, please run with -XX:+EnableDynamicAgentLoading to hide this warning
WARNING: If a serviceability tool is not in use, please run with -Djdk.instrument.traceUsage for more information
WARNING: Dynamic loading of agents will be disallowed by default in a future release
]]></system-err>
  </testcase>
  <testcase name="testGetMessage_EmptyReplacements" classname="com.rollerite.plugin.services.ConfigServiceTest" time="0.005"/>
  <testcase name="testIsGodFallDamageEnabled" classname="com.rollerite.plugin.services.ConfigServiceTest" time="0.012"/>
  <testcase name="testLoadConfig" classname="com.rollerite.plugin.services.ConfigServiceTest" time="0.003"/>
  <testcase name="testGetTPATimeout" classname="com.rollerite.plugin.services.ConfigServiceTest" time="0.004"/>
  <testcase name="testGetTPACooldown" classname="com.rollerite.plugin.services.ConfigServiceTest" time="0.002"/>
  <testcase name="testGetMessage_WithReplacements" classname="com.rollerite.plugin.services.ConfigServiceTest" time="0.003"/>
  <testcase name="testGetMessage_InvalidPath" classname="com.rollerite.plugin.services.ConfigServiceTest" time="0.002"/>
  <testcase name="testGetMessage_ValidPath" classname="com.rollerite.plugin.services.ConfigServiceTest" time="0.002"/>
  <testcase name="testGetPrefix" classname="com.rollerite.plugin.services.ConfigServiceTest" time="0.002"/>
  <testcase name="testIsGodHungerEnabled_False" classname="com.rollerite.plugin.services.ConfigServiceTest" time="0.004"/>
  <testcase name="testIsGodHungerEnabled_True" classname="com.rollerite.plugin.services.ConfigServiceTest" time="0.002"/>
</testsuite>